# JRE version: Java(TM) SE Runtime Environment (7.0_51-b13) (build 1.7.0_51-b13)
# Java VM: Java HotSpot(TM) 64-Bit Server VM (24.51-b03 mixed mode windows-amd64 compressed oops)
Heap
 PSYoungGen      total 36864K, used 17823K [0x00000007d7000000, 0x00000007d9900000, 0x0000000800000000)
  eden space 31744K, 46% used [0x00000007d7000000,0x00000007d7e88688,0x00000007d8f00000)
  from space 5120K, 57% used [0x00000007d9400000,0x00000007d96df970,0x00000007d9900000)
  to   space 5120K, 0% used [0x00000007d8f00000,0x00000007d8f00000,0x00000007d9400000)
 ParOldGen       total 83968K, used 51205K [0x0000000785000000, 0x000000078a200000, 0x00000007d7000000)
  object space 83968K, 60% used [0x0000000785000000,0x0000000788201418,0x000000078a200000)
 PSPermGen       total 21504K, used 14926K [0x000000077fe00000, 0x0000000781300000, 0x0000000785000000)
  object space 21504K, 69% used [0x000000077fe00000,0x0000000780c93980,0x0000000781300000)
GC Heap History (4 events):
Event: 8.716 GC heap before
{Heap before GC invocations=1 (full 0):
 PSYoungGen      total 36864K, used 31744K [0x00000007d7000000, 0x00000007d9900000, 0x0000000800000000)
  eden space 31744K, 100% used [0x00000007d7000000,0x00000007d8f00000,0x00000007d8f00000)
  from space 5120K, 0% used [0x00000007d9400000,0x00000007d9400000,0x00000007d9900000)
  to   space 5120K, 0% used [0x00000007d8f00000,0x00000007d8f00000,0x00000007d9400000)
 ParOldGen       total 83968K, used 19210K [0x0000000785000000, 0x000000078a200000, 0x00000007d7000000)
  object space 83968K, 22% used [0x0000000785000000,0x00000007862c2820,0x000000078a200000)
 PSPermGen       total 21504K, used 14577K [0x000000077fe00000, 0x0000000781300000, 0x0000000785000000)
  object space 21504K, 67% used [0x000000077fe00000,0x0000000780c3c488,0x0000000781300000)
Event: 8.727 GC heap after
Heap after GC invocations=1 (full 0):
 PSYoungGen      total 36864K, used 5115K [0x00000007d7000000, 0x00000007d9900000, 0x0000000800000000)
  eden space 31744K, 0% used [0x00000007d7000000,0x00000007d7000000,0x00000007d8f00000)
  from space 5120K, 99% used [0x00000007d8f00000,0x00000007d93fed10,0x00000007d9400000)
  to   space 5120K, 0% used [0x00000007d9400000,0x00000007d9400000,0x00000007d9900000)
 ParOldGen       total 83968K, used 28784K [0x0000000785000000, 0x000000078a200000, 0x00000007d7000000)
  object space 83968K, 34% used [0x0000000785000000,0x0000000786c1c190,0x000000078a200000)
 PSPermGen       total 21504K, used 14577K [0x000000077fe00000, 0x0000000781300000, 0x0000000785000000)
  object space 21504K, 67% used [0x000000077fe00000,0x0000000780c3c488,0x0000000781300000)
}
Event: 128.806 GC heap before
{Heap before GC invocations=2 (full 0):
 PSYoungGen      total 36864K, used 36859K [0x00000007d7000000, 0x00000007d9900000, 0x0000000800000000)
  eden space 31744K, 100% used [0x00000007d7000000,0x00000007d8f00000,0x00000007d8f00000)
  from space 5120K, 99% used [0x00000007d8f00000,0x00000007d93fed10,0x00000007d9400000)
  to   space 5120K, 0% used [0x00000007d9400000,0x00000007d9400000,0x00000007d9900000)
 ParOldGen       total 83968K, used 28786K [0x0000000785000000, 0x000000078a200000, 0x00000007d7000000)
  object space 83968K, 34% used [0x0000000785000000,0x0000000786c1cbe8,0x000000078a200000)
 PSPermGen       total 21504K, used 14833K [0x000000077fe00000, 0x0000000781300000, 0x0000000785000000)
  object space 21504K, 68% used [0x000000077fe00000,0x0000000780c7c718,0x0000000781300000)
Event: 128.818 GC heap after
Heap after GC invocations=2 (full 0):
 PSYoungGen      total 36864K, used 2942K [0x00000007d7000000, 0x00000007d9900000, 0x0000000800000000)
  eden space 31744K, 0% used [0x00000007d7000000,0x00000007d7000000,0x00000007d8f00000)
  from space 5120K, 57% used [0x00000007d9400000,0x00000007d96df970,0x00000007d9900000)
  to   space 5120K, 0% used [0x00000007d8f00000,0x00000007d8f00000,0x00000007d9400000)
 ParOldGen       total 83968K, used 51205K [0x0000000785000000, 0x000000078a200000, 0x00000007d7000000)
  object space 83968K, 60% used [0x0000000785000000,0x0000000788201418,0x000000078a200000)
 PSPermGen       total 21504K, used 14833K [0x000000077fe00000, 0x0000000781300000, 0x0000000785000000)
  object space 21504K, 68% used [0x000000077fe00000,0x0000000780c7c718,0x0000000781300000)
}

