# JRE version: Java(TM) SE Runtime Environment (7.0_51-b13) (build 1.7.0_51-b13)
# Java VM: Java HotSpot(TM) 64-Bit Server VM (24.51-b03 mixed mode windows-amd64 compressed oops)
Heap
 PSYoungGen      total 36352K, used 23620K [0x00000007d7000000, 0x00000007dac80000, 0x0000000800000000)
  eden space 31232K, 70% used [0x00000007d7000000,0x00000007d8599190,0x00000007d8e80000)
  from space 5120K, 29% used [0x00000007d8f00000,0x00000007d9078020,0x00000007d9400000)
  to   space 15360K, 0% used [0x00000007d9d80000,0x00000007d9d80000,0x00000007dac80000)
 ParOldGen       total 99840K, used 40822K [0x0000000785000000, 0x000000078b180000, 0x00000007d7000000)
  object space 99840K, 40% used [0x0000000785000000,0x00000007877dd910,0x000000078b180000)
 PSPermGen       total 31744K, used 16047K [0x000000077fe00000, 0x0000000781d00000, 0x0000000785000000)
  object space 31744K, 50% used [0x000000077fe00000,0x0000000780dabee0,0x0000000781d00000)
GC Heap History (10 events):
Event: 140.092 GC heap before
{Heap before GC invocations=2 (full 0):
 PSYoungGen      total 36864K, used 36859K [0x00000007d7000000, 0x00000007d9900000, 0x0000000800000000)
  eden space 31744K, 100% used [0x00000007d7000000,0x00000007d8f00000,0x00000007d8f00000)
  from space 5120K, 99% used [0x00000007d8f00000,0x00000007d93fed30,0x00000007d9400000)
  to   space 5120K, 0% used [0x00000007d9400000,0x00000007d9400000,0x00000007d9900000)
 ParOldGen       total 83968K, used 28942K [0x0000000785000000, 0x000000078a200000, 0x00000007d7000000)
  object space 83968K, 34% used [0x0000000785000000,0x0000000786c43b60,0x000000078a200000)
 PSPermGen       total 21504K, used 14250K [0x000000077fe00000, 0x0000000781300000, 0x0000000785000000)
  object space 21504K, 66% used [0x000000077fe00000,0x0000000780beaa78,0x0000000781300000)
Event: 140.123 GC heap after
Heap after GC invocations=2 (full 0):
 PSYoungGen      total 36864K, used 2772K [0x00000007d7000000, 0x00000007d9900000, 0x0000000800000000)
  eden space 31744K, 0% used [0x00000007d7000000,0x00000007d7000000,0x00000007d8f00000)
  from space 5120K, 54% used [0x00000007d9400000,0x00000007d96b5140,0x00000007d9900000)
  to   space 5120K, 0% used [0x00000007d8f00000,0x00000007d8f00000,0x00000007d9400000)
 ParOldGen       total 83968K, used 51360K [0x0000000785000000, 0x000000078a200000, 0x00000007d7000000)
  object space 83968K, 61% used [0x0000000785000000,0x0000000788228390,0x000000078a200000)
 PSPermGen       total 21504K, used 14250K [0x000000077fe00000, 0x0000000781300000, 0x0000000785000000)
  object space 21504K, 66% used [0x000000077fe00000,0x0000000780beaa78,0x0000000781300000)
}
Event: 254.074 GC heap before
{Heap before GC invocations=3 (full 0):
 PSYoungGen      total 36864K, used 34516K [0x00000007d7000000, 0x00000007d9900000, 0x0000000800000000)
  eden space 31744K, 100% used [0x00000007d7000000,0x00000007d8f00000,0x00000007d8f00000)
  from space 5120K, 54% used [0x00000007d9400000,0x00000007d96b5140,0x00000007d9900000)
  to   space 5120K, 0% used [0x00000007d8f00000,0x00000007d8f00000,0x00000007d9400000)
 ParOldGen       total 83968K, used 51360K [0x0000000785000000, 0x000000078a200000, 0x00000007d7000000)
  object space 83968K, 61% used [0x0000000785000000,0x0000000788228390,0x000000078a200000)
 PSPermGen       total 21504K, used 15786K [0x000000077fe00000, 0x0000000781300000, 0x0000000785000000)
  object space 21504K, 73% used [0x000000077fe00000,0x0000000780d6aa90,0x0000000781300000)
Event: 254.109 GC heap after
Heap after GC invocations=3 (full 0):
 PSYoungGen      total 36864K, used 3358K [0x00000007d7000000, 0x00000007d9900000, 0x0000000800000000)
  eden space 31744K, 0% used [0x00000007d7000000,0x00000007d7000000,0x00000007d8f00000)
  from space 5120K, 65% used [0x00000007d8f00000,0x00000007d9247970,0x00000007d9400000)
  to   space 5120K, 0% used [0x00000007d9400000,0x00000007d9400000,0x00000007d9900000)
 ParOldGen       total 83968K, used 73770K [0x0000000785000000, 0x000000078a200000, 0x00000007d7000000)
  object space 83968K, 87% used [0x0000000785000000,0x000000078980abc0,0x000000078a200000)
 PSPermGen       total 21504K, used 15786K [0x000000077fe00000, 0x0000000781300000, 0x0000000785000000)
  object space 21504K, 73% used [0x000000077fe00000,0x0000000780d6aa90,0x0000000781300000)
}
Event: 254.109 GC heap before
{Heap before GC invocations=4 (full 1):
 PSYoungGen      total 36864K, used 3358K [0x00000007d7000000, 0x00000007d9900000, 0x0000000800000000)
  eden space 31744K, 0% used [0x00000007d7000000,0x00000007d7000000,0x00000007d8f00000)
  from space 5120K, 65% used [0x00000007d8f00000,0x00000007d9247970,0x00000007d9400000)
  to   space 5120K, 0% used [0x00000007d9400000,0x00000007d9400000,0x00000007d9900000)
 ParOldGen       total 83968K, used 73770K [0x0000000785000000, 0x000000078a200000, 0x00000007d7000000)
  object space 83968K, 87% used [0x0000000785000000,0x000000078980abc0,0x000000078a200000)
 PSPermGen       total 21504K, used 15786K [0x000000077fe00000, 0x0000000781300000, 0x0000000785000000)
  object space 21504K, 73% used [0x000000077fe00000,0x0000000780d6aa90,0x0000000781300000)
Event: 254.189 GC heap after
Heap after GC invocations=4 (full 1):
 PSYoungGen      total 36864K, used 0K [0x00000007d7000000, 0x00000007d9900000, 0x0000000800000000)
  eden space 31744K, 0% used [0x00000007d7000000,0x00000007d7000000,0x00000007d8f00000)
  from space 5120K, 0% used [0x00000007d8f00000,0x00000007d8f00000,0x00000007d9400000)
  to   space 5120K, 0% used [0x00000007d9400000,0x00000007d9400000,0x00000007d9900000)
 ParOldGen       total 99840K, used 40822K [0x0000000785000000, 0x000000078b180000, 0x00000007d7000000)
  object space 99840K, 40% used [0x0000000785000000,0x00000007877dd910,0x000000078b180000)
 PSPermGen       total 31744K, used 15780K [0x000000077fe00000, 0x0000000781d00000, 0x0000000785000000)
  object space 31744K, 49% used [0x000000077fe00000,0x0000000780d69020,0x0000000781d00000)
}
Event: 764.972 GC heap before
{Heap before GC invocations=5 (full 1):
 PSYoungGen      total 36864K, used 31744K [0x00000007d7000000, 0x00000007d9900000, 0x0000000800000000)
  eden space 31744K, 100% used [0x00000007d7000000,0x00000007d8f00000,0x00000007d8f00000)
  from space 5120K, 0% used [0x00000007d8f00000,0x00000007d8f00000,0x00000007d9400000)
  to   space 5120K, 0% used [0x00000007d9400000,0x00000007d9400000,0x00000007d9900000)
 ParOldGen       total 99840K, used 40822K [0x0000000785000000, 0x000000078b180000, 0x00000007d7000000)
  object space 99840K, 40% used [0x0000000785000000,0x00000007877dd910,0x000000078b180000)
 PSPermGen       total 31744K, used 15918K [0x000000077fe00000, 0x0000000781d00000, 0x0000000785000000)
  object space 31744K, 50% used [0x000000077fe00000,0x0000000780d8bb10,0x0000000781d00000)
Event: 764.976 GC heap after
Heap after GC invocations=5 (full 1):
 PSYoungGen      total 36864K, used 1360K [0x00000007d7000000, 0x00000007d9900000, 0x0000000800000000)
  eden space 31744K, 0% used [0x00000007d7000000,0x00000007d7000000,0x00000007d8f00000)
  from space 5120K, 26% used [0x00000007d9400000,0x00000007d9554010,0x00000007d9900000)
  to   space 5120K, 0% used [0x00000007d8f00000,0x00000007d8f00000,0x00000007d9400000)
 ParOldGen       total 99840K, used 40822K [0x0000000785000000, 0x000000078b180000, 0x00000007d7000000)
  object space 99840K, 40% used [0x0000000785000000,0x00000007877dd910,0x000000078b180000)
 PSPermGen       total 31744K, used 15918K [0x000000077fe00000, 0x0000000781d00000, 0x0000000785000000)
  object space 31744K, 50% used [0x000000077fe00000,0x0000000780d8bb10,0x0000000781d00000)
}
Event: 1034.176 GC heap before
{Heap before GC invocations=6 (full 1):
 PSYoungGen      total 36864K, used 33104K [0x00000007d7000000, 0x00000007d9900000, 0x0000000800000000)
  eden space 31744K, 100% used [0x00000007d7000000,0x00000007d8f00000,0x00000007d8f00000)
  from space 5120K, 26% used [0x00000007d9400000,0x00000007d9554010,0x00000007d9900000)
  to   space 5120K, 0% used [0x00000007d8f00000,0x00000007d8f00000,0x00000007d9400000)
 ParOldGen       total 99840K, used 40822K [0x0000000785000000, 0x000000078b180000, 0x00000007d7000000)
  object space 99840K, 40% used [0x0000000785000000,0x00000007877dd910,0x000000078b180000)
 PSPermGen       total 31744K, used 16009K [0x000000077fe00000, 0x0000000781d00000, 0x0000000785000000)
  object space 31744K, 50% used [0x000000077fe00000,0x0000000780da26c8,0x0000000781d00000)
Event: 1034.180 GC heap after
Heap after GC invocations=6 (full 1):
 PSYoungGen      total 36352K, used 1504K [0x00000007d7000000, 0x00000007dac80000, 0x0000000800000000)
  eden space 31232K, 0% used [0x00000007d7000000,0x00000007d7000000,0x00000007d8e80000)
  from space 5120K, 29% used [0x00000007d8f00000,0x00000007d9078020,0x00000007d9400000)
  to   space 15360K, 0% used [0x00000007d9d80000,0x00000007d9d80000,0x00000007dac80000)
 ParOldGen       total 99840K, used 40822K [0x0000000785000000, 0x000000078b180000, 0x00000007d7000000)
  object space 99840K, 40% used [0x0000000785000000,0x00000007877dd910,0x000000078b180000)
 PSPermGen       total 31744K, used 16009K [0x000000077fe00000, 0x0000000781d00000, 0x0000000785000000)
  object space 31744K, 50% used [0x000000077fe00000,0x0000000780da26c8,0x0000000781d00000)
}

