# JRE version: Java(TM) SE Runtime Environment (7.0_51-b13) (build 1.7.0_51-b13)
# Java VM: Java HotSpot(TM) 64-Bit Server VM (24.51-b03 mixed mode windows-amd64 compressed oops)
Heap
 PSYoungGen      total 36864K, used 6258K [0x00000007d7000000, 0x00000007d9900000, 0x0000000800000000)
  eden space 31744K, 16% used [0x00000007d7000000,0x00000007d7500b58,0x00000007d8f00000)
  from space 5120K, 22% used [0x00000007d9400000,0x00000007d951c010,0x00000007d9900000)
  to   space 5120K, 0% used [0x00000007d8f00000,0x00000007d8f00000,0x00000007d9400000)
 ParOldGen       total 127488K, used 41377K [0x0000000785000000, 0x000000078cc80000, 0x00000007d7000000)
  object space 127488K, 32% used [0x0000000785000000,0x0000000787868490,0x000000078cc80000)
 PSPermGen       total 32256K, used 16149K [0x000000077fe00000, 0x0000000781d80000, 0x0000000785000000)
  object space 32256K, 50% used [0x000000077fe00000,0x0000000780dc55b8,0x0000000781d80000)
GC Heap History (10 events):
Event: 14.376 GC heap before
{Heap before GC invocations=1 (full 0):
 PSYoungGen      total 36864K, used 31744K [0x00000007d7000000, 0x00000007d9900000, 0x0000000800000000)
  eden space 31744K, 100% used [0x00000007d7000000,0x00000007d8f00000,0x00000007d8f00000)
  from space 5120K, 0% used [0x00000007d9400000,0x00000007d9400000,0x00000007d9900000)
  to   space 5120K, 0% used [0x00000007d8f00000,0x00000007d8f00000,0x00000007d9400000)
 ParOldGen       total 83968K, used 19200K [0x0000000785000000, 0x000000078a200000, 0x00000007d7000000)
  object space 83968K, 22% used [0x0000000785000000,0x00000007862c0010,0x000000078a200000)
 PSPermGen       total 21504K, used 14337K [0x000000077fe00000, 0x0000000781300000, 0x0000000785000000)
  object space 21504K, 66% used [0x000000077fe00000,0x0000000780c005b8,0x0000000781300000)
Event: 14.395 GC heap after
Heap after GC invocations=1 (full 0):
 PSYoungGen      total 36864K, used 3428K [0x00000007d7000000, 0x00000007d9900000, 0x0000000800000000)
  eden space 31744K, 0% used [0x00000007d7000000,0x00000007d7000000,0x00000007d8f00000)
  from space 5120K, 66% used [0x00000007d8f00000,0x00000007d9259150,0x00000007d9400000)
  to   space 5120K, 0% used [0x00000007d9400000,0x00000007d9400000,0x00000007d9900000)
 ParOldGen       total 83968K, used 33035K [0x0000000785000000, 0x000000078a200000, 0x00000007d7000000)
  object space 83968K, 39% used [0x0000000785000000,0x0000000787042d10,0x000000078a200000)
 PSPermGen       total 21504K, used 14337K [0x000000077fe00000, 0x0000000781300000, 0x0000000785000000)
  object space 21504K, 66% used [0x000000077fe00000,0x0000000780c005b8,0x0000000781300000)
}
Event: 406.294 GC heap before
{Heap before GC invocations=2 (full 0):
 PSYoungGen      total 36864K, used 32912K [0x00000007d7000000, 0x00000007d9900000, 0x0000000800000000)
  eden space 31744K, 92% used [0x00000007d7000000,0x00000007d8ccb088,0x00000007d8f00000)
  from space 5120K, 66% used [0x00000007d8f00000,0x00000007d9259150,0x00000007d9400000)
  to   space 5120K, 0% used [0x00000007d9400000,0x00000007d9400000,0x00000007d9900000)
 ParOldGen       total 83968K, used 33035K [0x0000000785000000, 0x000000078a200000, 0x00000007d7000000)
  object space 83968K, 39% used [0x0000000785000000,0x0000000787042d10,0x000000078a200000)
 PSPermGen       total 21504K, used 15702K [0x000000077fe00000, 0x0000000781300000, 0x0000000785000000)
  object space 21504K, 73% used [0x000000077fe00000,0x0000000780d55920,0x0000000781300000)
Event: 406.303 GC heap after
Heap after GC invocations=2 (full 0):
 PSYoungGen      total 36864K, used 3988K [0x00000007d7000000, 0x00000007d9900000, 0x0000000800000000)
  eden space 31744K, 0% used [0x00000007d7000000,0x00000007d7000000,0x00000007d8f00000)
  from space 5120K, 77% used [0x00000007d9400000,0x00000007d97e5160,0x00000007d9900000)
  to   space 5120K, 0% used [0x00000007d8f00000,0x00000007d8f00000,0x00000007d9400000)
 ParOldGen       total 83968K, used 33043K [0x0000000785000000, 0x000000078a200000, 0x00000007d7000000)
  object space 83968K, 39% used [0x0000000785000000,0x0000000787044d10,0x000000078a200000)
 PSPermGen       total 21504K, used 15702K [0x000000077fe00000, 0x0000000781300000, 0x0000000785000000)
  object space 21504K, 73% used [0x000000077fe00000,0x0000000780d55920,0x0000000781300000)
}
Event: 550.914 GC heap before
{Heap before GC invocations=3 (full 0):
 PSYoungGen      total 36864K, used 35732K [0x00000007d7000000, 0x00000007d9900000, 0x0000000800000000)
  eden space 31744K, 100% used [0x00000007d7000000,0x00000007d8f00000,0x00000007d8f00000)
  from space 5120K, 77% used [0x00000007d9400000,0x00000007d97e5160,0x00000007d9900000)
  to   space 5120K, 0% used [0x00000007d8f00000,0x00000007d8f00000,0x00000007d9400000)
 ParOldGen       total 83968K, used 33043K [0x0000000785000000, 0x000000078a200000, 0x00000007d7000000)
  object space 83968K, 39% used [0x0000000785000000,0x0000000787044d10,0x000000078a200000)
 PSPermGen       total 21504K, used 15983K [0x000000077fe00000, 0x0000000781300000, 0x0000000785000000)
  object space 21504K, 74% used [0x000000077fe00000,0x0000000780d9bf98,0x0000000781300000)
Event: 550.989 GC heap after
Heap after GC invocations=3 (full 0):
 PSYoungGen      total 36864K, used 4334K [0x00000007d7000000, 0x00000007d9900000, 0x0000000800000000)
  eden space 31744K, 0% used [0x00000007d7000000,0x00000007d7000000,0x00000007d8f00000)
  from space 5120K, 84% used [0x00000007d8f00000,0x00000007d933b980,0x00000007d9400000)
  to   space 5120K, 0% used [0x00000007d9400000,0x00000007d9400000,0x00000007d9900000)
 ParOldGen       total 83968K, used 77871K [0x0000000785000000, 0x000000078a200000, 0x00000007d7000000)
  object space 83968K, 92% used [0x0000000785000000,0x0000000789c0bd70,0x000000078a200000)
 PSPermGen       total 21504K, used 15983K [0x000000077fe00000, 0x0000000781300000, 0x0000000785000000)
  object space 21504K, 74% used [0x000000077fe00000,0x0000000780d9bf98,0x0000000781300000)
}
Event: 550.989 GC heap before
{Heap before GC invocations=4 (full 1):
 PSYoungGen      total 36864K, used 4334K [0x00000007d7000000, 0x00000007d9900000, 0x0000000800000000)
  eden space 31744K, 0% used [0x00000007d7000000,0x00000007d7000000,0x00000007d8f00000)
  from space 5120K, 84% used [0x00000007d8f00000,0x00000007d933b980,0x00000007d9400000)
  to   space 5120K, 0% used [0x00000007d9400000,0x00000007d9400000,0x00000007d9900000)
 ParOldGen       total 83968K, used 77871K [0x0000000785000000, 0x000000078a200000, 0x00000007d7000000)
  object space 83968K, 92% used [0x0000000785000000,0x0000000789c0bd70,0x000000078a200000)
 PSPermGen       total 21504K, used 15983K [0x000000077fe00000, 0x0000000781300000, 0x0000000785000000)
  object space 21504K, 74% used [0x000000077fe00000,0x0000000780d9bf98,0x0000000781300000)
Event: 551.070 GC heap after
Heap after GC invocations=4 (full 1):
 PSYoungGen      total 36864K, used 0K [0x00000007d7000000, 0x00000007d9900000, 0x0000000800000000)
  eden space 31744K, 0% used [0x00000007d7000000,0x00000007d7000000,0x00000007d8f00000)
  from space 5120K, 0% used [0x00000007d8f00000,0x00000007d8f00000,0x00000007d9400000)
  to   space 5120K, 0% used [0x00000007d9400000,0x00000007d9400000,0x00000007d9900000)
 ParOldGen       total 127488K, used 41377K [0x0000000785000000, 0x000000078cc80000, 0x00000007d7000000)
  object space 127488K, 32% used [0x0000000785000000,0x0000000787868490,0x000000078cc80000)
 PSPermGen       total 32256K, used 15977K [0x000000077fe00000, 0x0000000781d80000, 0x0000000785000000)
  object space 32256K, 49% used [0x000000077fe00000,0x0000000780d9a578,0x0000000781d80000)
}
Event: 819.971 GC heap before
{Heap before GC invocations=5 (full 1):
 PSYoungGen      total 36864K, used 31744K [0x00000007d7000000, 0x00000007d9900000, 0x0000000800000000)
  eden space 31744K, 100% used [0x00000007d7000000,0x00000007d8f00000,0x00000007d8f00000)
  from space 5120K, 0% used [0x00000007d8f00000,0x00000007d8f00000,0x00000007d9400000)
  to   space 5120K, 0% used [0x00000007d9400000,0x00000007d9400000,0x00000007d9900000)
 ParOldGen       total 127488K, used 41377K [0x0000000785000000, 0x000000078cc80000, 0x00000007d7000000)
  object space 127488K, 32% used [0x0000000785000000,0x0000000787868490,0x000000078cc80000)
 PSPermGen       total 32256K, used 16125K [0x000000077fe00000, 0x0000000781d80000, 0x0000000785000000)
  object space 32256K, 49% used [0x000000077fe00000,0x0000000780dbf630,0x0000000781d80000)
Event: 819.981 GC heap after
Heap after GC invocations=5 (full 1):
 PSYoungGen      total 36864K, used 1136K [0x00000007d7000000, 0x00000007d9900000, 0x0000000800000000)
  eden space 31744K, 0% used [0x00000007d7000000,0x00000007d7000000,0x00000007d8f00000)
  from space 5120K, 22% used [0x00000007d9400000,0x00000007d951c010,0x00000007d9900000)
  to   space 5120K, 0% used [0x00000007d8f00000,0x00000007d8f00000,0x00000007d9400000)
 ParOldGen       total 127488K, used 41377K [0x0000000785000000, 0x000000078cc80000, 0x00000007d7000000)
  object space 127488K, 32% used [0x0000000785000000,0x0000000787868490,0x000000078cc80000)
 PSPermGen       total 32256K, used 16125K [0x000000077fe00000, 0x0000000781d80000, 0x0000000785000000)
  object space 32256K, 49% used [0x000000077fe00000,0x0000000780dbf630,0x0000000781d80000)
}

