# JRE version: Java(TM) SE Runtime Environment (7.0_51-b13) (build 1.7.0_51-b13)
# Java VM: Java HotSpot(TM) 64-Bit Server VM (24.51-b03 mixed mode windows-amd64 compressed oops)
Heap
 PSYoungGen      total 36864K, used 1947K [0x00000007d7000000, 0x00000007d9900000, 0x0000000800000000)
  eden space 31744K, 6% used [0x00000007d7000000,0x00000007d71e6f28,0x00000007d8f00000)
  from space 5120K, 0% used [0x00000007d9400000,0x00000007d9400000,0x00000007d9900000)
  to   space 5120K, 0% used [0x00000007d8f00000,0x00000007d8f00000,0x00000007d9400000)
 ParOldGen       total 106496K, used 32907K [0x0000000785000000, 0x000000078b800000, 0x00000007d7000000)
  object space 106496K, 30% used [0x0000000785000000,0x0000000787022e20,0x000000078b800000)
 PSPermGen       total 29184K, used 14512K [0x000000077fe00000, 0x0000000781a80000, 0x0000000785000000)
  object space 29184K, 49% used [0x000000077fe00000,0x0000000780c2c1d0,0x0000000781a80000)
GC Heap History (6 events):
Event: 16.496 GC heap before
{Heap before GC invocations=1 (full 0):
 PSYoungGen      total 36864K, used 31744K [0x00000007d7000000, 0x00000007d9900000, 0x0000000800000000)
  eden space 31744K, 100% used [0x00000007d7000000,0x00000007d8f00000,0x00000007d8f00000)
  from space 5120K, 0% used [0x00000007d9400000,0x00000007d9400000,0x00000007d9900000)
  to   space 5120K, 0% used [0x00000007d8f00000,0x00000007d8f00000,0x00000007d9400000)
 ParOldGen       total 83968K, used 19200K [0x0000000785000000, 0x000000078a200000, 0x00000007d7000000)
  object space 83968K, 22% used [0x0000000785000000,0x00000007862c0010,0x000000078a200000)
 PSPermGen       total 21504K, used 14281K [0x000000077fe00000, 0x0000000781300000, 0x0000000785000000)
  object space 21504K, 66% used [0x000000077fe00000,0x0000000780bf2590,0x0000000781300000)
Event: 16.509 GC heap after
Heap after GC invocations=1 (full 0):
 PSYoungGen      total 36864K, used 5111K [0x00000007d7000000, 0x00000007d9900000, 0x0000000800000000)
  eden space 31744K, 0% used [0x00000007d7000000,0x00000007d7000000,0x00000007d8f00000)
  from space 5120K, 99% used [0x00000007d8f00000,0x00000007d93fde80,0x00000007d9400000)
  to   space 5120K, 0% used [0x00000007d9400000,0x00000007d9400000,0x00000007d9900000)
 ParOldGen       total 83968K, used 31503K [0x0000000785000000, 0x000000078a200000, 0x00000007d7000000)
  object space 83968K, 37% used [0x0000000785000000,0x0000000786ec3d80,0x000000078a200000)
 PSPermGen       total 21504K, used 14281K [0x000000077fe00000, 0x0000000781300000, 0x0000000785000000)
  object space 21504K, 66% used [0x000000077fe00000,0x0000000780bf2590,0x0000000781300000)
}
Event: 70.147 GC heap before
{Heap before GC invocations=2 (full 0):
 PSYoungGen      total 36864K, used 36855K [0x00000007d7000000, 0x00000007d9900000, 0x0000000800000000)
  eden space 31744K, 100% used [0x00000007d7000000,0x00000007d8f00000,0x00000007d8f00000)
  from space 5120K, 99% used [0x00000007d8f00000,0x00000007d93fde80,0x00000007d9400000)
  to   space 5120K, 0% used [0x00000007d9400000,0x00000007d9400000,0x00000007d9900000)
 ParOldGen       total 83968K, used 31503K [0x0000000785000000, 0x000000078a200000, 0x00000007d7000000)
  object space 83968K, 37% used [0x0000000785000000,0x0000000786ec3d80,0x000000078a200000)
 PSPermGen       total 21504K, used 14488K [0x000000077fe00000, 0x0000000781300000, 0x0000000785000000)
  object space 21504K, 67% used [0x000000077fe00000,0x0000000780c262d0,0x0000000781300000)
Event: 70.170 GC heap after
Heap after GC invocations=2 (full 0):
 PSYoungGen      total 36864K, used 1574K [0x00000007d7000000, 0x00000007d9900000, 0x0000000800000000)
  eden space 31744K, 0% used [0x00000007d7000000,0x00000007d7000000,0x00000007d8f00000)
  from space 5120K, 30% used [0x00000007d9400000,0x00000007d9589800,0x00000007d9900000)
  to   space 5120K, 0% used [0x00000007d8f00000,0x00000007d8f00000,0x00000007d9400000)
 ParOldGen       total 83968K, used 65446K [0x0000000785000000, 0x000000078a200000, 0x00000007d7000000)
  object space 83968K, 77% used [0x0000000785000000,0x0000000788fe9900,0x000000078a200000)
 PSPermGen       total 21504K, used 14488K [0x000000077fe00000, 0x0000000781300000, 0x0000000785000000)
  object space 21504K, 67% used [0x000000077fe00000,0x0000000780c262d0,0x0000000781300000)
}
Event: 70.171 GC heap before
{Heap before GC invocations=3 (full 1):
 PSYoungGen      total 36864K, used 1574K [0x00000007d7000000, 0x00000007d9900000, 0x0000000800000000)
  eden space 31744K, 0% used [0x00000007d7000000,0x00000007d7000000,0x00000007d8f00000)
  from space 5120K, 30% used [0x00000007d9400000,0x00000007d9589800,0x00000007d9900000)
  to   space 5120K, 0% used [0x00000007d8f00000,0x00000007d8f00000,0x00000007d9400000)
 ParOldGen       total 83968K, used 65446K [0x0000000785000000, 0x000000078a200000, 0x00000007d7000000)
  object space 83968K, 77% used [0x0000000785000000,0x0000000788fe9900,0x000000078a200000)
 PSPermGen       total 21504K, used 14488K [0x000000077fe00000, 0x0000000781300000, 0x0000000785000000)
  object space 21504K, 67% used [0x000000077fe00000,0x0000000780c262d0,0x0000000781300000)
Event: 70.236 GC heap after
Heap after GC invocations=3 (full 1):
 PSYoungGen      total 36864K, used 0K [0x00000007d7000000, 0x00000007d9900000, 0x0000000800000000)
  eden space 31744K, 0% used [0x00000007d7000000,0x00000007d7000000,0x00000007d8f00000)
  from space 5120K, 0% used [0x00000007d9400000,0x00000007d9400000,0x00000007d9900000)
  to   space 5120K, 0% used [0x00000007d8f00000,0x00000007d8f00000,0x00000007d9400000)
 ParOldGen       total 106496K, used 32907K [0x0000000785000000, 0x000000078b800000, 0x00000007d7000000)
  object space 106496K, 30% used [0x0000000785000000,0x0000000787022e20,0x000000078b800000)
 PSPermGen       total 29184K, used 14482K [0x000000077fe00000, 0x0000000781a80000, 0x0000000785000000)
  object space 29184K, 49% used [0x000000077fe00000,0x0000000780c24bf8,0x0000000781a80000)
}

